The system is: Windows - 10.0.21286 - AMD64
Compiling the C compiler identification source file "CMakeCCompilerId.c" succeeded.
Compiler: C:/Program Files (x86)/Microsoft Visual Studio/2019/Preview/VC/Tools/MSVC/14.29.29917/bin/Hostx86/x86/cl.exe 
Build flags: 
Id flags:  

The output was:
0
用于 x86 的 Microsoft (R) C/C++ 优化编译器 19.29.29917 版
版权所有(C) Microsoft Corporation。保留所有权利。

CMakeCCompilerId.c
Microsoft (R) Incremental Linker Version 14.29.29917.0
Copyright (C) Microsoft Corporation.  All rights reserved.

/out:CMakeCCompilerId.exe 
CMakeCCompilerId.obj 


Compilation of the C compiler identification source "CMakeCCompilerId.c" produced "CMakeCCompilerId.exe"

Compilation of the C compiler identification source "CMakeCCompilerId.c" produced "CMakeCCompilerId.obj"

The C compiler identification is MSVC, found in "C:/Users/Thomitics/MyOI/Luogu/P6254/cmake-build-debug/CMakeFiles/3.19.2/CompilerIdC/CMakeCCompilerId.exe"

Compiling the CXX compiler identification source file "CMakeCXXCompilerId.cpp" succeeded.
Compiler: C:/Program Files (x86)/Microsoft Visual Studio/2019/Preview/VC/Tools/MSVC/14.29.29917/bin/Hostx86/x86/cl.exe 
Build flags: 
Id flags:  

The output was:
0
用于 x86 的 Microsoft (R) C/C++ 优化编译器 19.29.29917 版
版权所有(C) Microsoft Corporation。保留所有权利。

CMakeCXXCompilerId.cpp
Microsoft (R) Incremental Linker Version 14.29.29917.0
Copyright (C) Microsoft Corporation.  All rights reserved.

/out:CMakeCXXCompilerId.exe 
CMakeCXXCompilerId.obj 


Compilation of the CXX compiler identification source "CMakeCXXCompilerId.cpp" produced "CMakeCXXCompilerId.exe"

Compilation of the CXX compiler identification source "CMakeCXXCompilerId.cpp" produced "CMakeCXXCompilerId.obj"

The CXX compiler identification is MSVC, found in "C:/Users/Thomitics/MyOI/Luogu/P6254/cmake-build-debug/CMakeFiles/3.19.2/CompilerIdCXX/CMakeCXXCompilerId.exe"

Detecting C compiler ABI info compiled with the following output:
Change Dir: C:/Users/Thomitics/MyOI/Luogu/P6254/cmake-build-debug/CMakeFiles/CMakeTmp

Run Build Command(s):nmake /nologo cmTC_fbd26\fast && 	"C:\Program Files (x86)\Microsoft Visual Studio\2019\Preview\VC\Tools\MSVC\14.29.29917\bin\HostX86\x86\nmake.exe"  -f CMakeFiles\cmTC_fbd26.dir\build.make /nologo -L                  CMakeFiles\cmTC_fbd26.dir\build
Building C object CMakeFiles/cmTC_fbd26.dir/CMakeCCompilerABI.c.obj
	C:\PROGRA~2\MICROS~2\2019\Preview\VC\Tools\MSVC\1429~1.299\bin\Hostx86\x86\cl.exe @C:\Users\THOMIT~1\AppData\Local\Temp\nm8C2F.tmp
CMakeCCompilerABI.c
Linking C executable cmTC_fbd26.exe
	"C:\Program Files\JetBrains\CLion 2021.1\bin\cmake\win\bin\cmake.exe" -E vs_link_exe --intdir=CMakeFiles\cmTC_fbd26.dir --rc=C:\PROGRA~2\WI3CF2~1\10\bin\100190~1.0\x86\rc.exe --mt=C:\PROGRA~2\WI3CF2~1\10\bin\100190~1.0\x86\mt.exe --manifests -- C:\PROGRA~2\MICROS~2\2019\Preview\VC\Tools\MSVC\1429~1.299\bin\Hostx86\x86\link.exe /nologo @CMakeFiles\cmTC_fbd26.dir\objects1.rsp @C:\Users\THOMIT~1\AppData\Local\Temp\nm8E72.tmp



Detecting CXX compiler ABI info compiled with the following output:
Change Dir: C:/Users/Thomitics/MyOI/Luogu/P6254/cmake-build-debug/CMakeFiles/CMakeTmp

Run Build Command(s):nmake /nologo cmTC_1c19d\fast && 	"C:\Program Files (x86)\Microsoft Visual Studio\2019\Preview\VC\Tools\MSVC\14.29.29917\bin\HostX86\x86\nmake.exe"  -f CMakeFiles\cmTC_1c19d.dir\build.make /nologo -L                  CMakeFiles\cmTC_1c19d.dir\build
Building CXX object CMakeFiles/cmTC_1c19d.dir/CMakeCXXCompilerABI.cpp.obj
	C:\PROGRA~2\MICROS~2\2019\Preview\VC\Tools\MSVC\1429~1.299\bin\Hostx86\x86\cl.exe @C:\Users\THOMIT~1\AppData\Local\Temp\nm93A1.tmp
CMakeCXXCompilerABI.cpp
Linking CXX executable cmTC_1c19d.exe
	"C:\Program Files\JetBrains\CLion 2021.1\bin\cmake\win\bin\cmake.exe" -E vs_link_exe --intdir=CMakeFiles\cmTC_1c19d.dir --rc=C:\PROGRA~2\WI3CF2~1\10\bin\100190~1.0\x86\rc.exe --mt=C:\PROGRA~2\WI3CF2~1\10\bin\100190~1.0\x86\mt.exe --manifests -- C:\PROGRA~2\MICROS~2\2019\Preview\VC\Tools\MSVC\1429~1.299\bin\Hostx86\x86\link.exe /nologo @CMakeFiles\cmTC_1c19d.dir\objects1.rsp @C:\Users\THOMIT~1\AppData\Local\Temp\nm946D.tmp



