The system is: Windows - 10.0.19042 - AMD64
Compiling the C compiler identification source file "CMakeCCompilerId.c" succeeded.
Compiler: D:/Program Files (x86)/Microsoft Visual Studio/2019/Preview/VC/Tools/MSVC/14.28.29812/bin/Hostx86/x86/cl.exe 
Build flags: 
Id flags:  

The output was:
0
用于 x86 的 Microsoft (R) C/C++ 优化编译器 19.28.29812 版
版权所有(C) Microsoft Corporation。保留所有权利。

CMakeCCompilerId.c
Microsoft (R) Incremental Linker Version 14.28.29812.0
Copyright (C) Microsoft Corporation.  All rights reserved.

/out:CMakeCCompilerId.exe 
CMakeCCompilerId.obj 


Compilation of the C compiler identification source "CMakeCCompilerId.c" produced "CMakeCCompilerId.exe"

Compilation of the C compiler identification source "CMakeCCompilerId.c" produced "CMakeCCompilerId.obj"

The C compiler identification is MSVC, found in "C:/Users/Thomatics/myoi/T160846/cmake-build-debug/CMakeFiles/3.19.2/CompilerIdC/CMakeCCompilerId.exe"

Compiling the CXX compiler identification source file "CMakeCXXCompilerId.cpp" succeeded.
Compiler: D:/Program Files (x86)/Microsoft Visual Studio/2019/Preview/VC/Tools/MSVC/14.28.29812/bin/Hostx86/x86/cl.exe 
Build flags: 
Id flags:  

The output was:
0
用于 x86 的 Microsoft (R) C/C++ 优化编译器 19.28.29812 版
版权所有(C) Microsoft Corporation。保留所有权利。

CMakeCXXCompilerId.cpp
Microsoft (R) Incremental Linker Version 14.28.29812.0
Copyright (C) Microsoft Corporation.  All rights reserved.

/out:CMakeCXXCompilerId.exe 
CMakeCXXCompilerId.obj 


Compilation of the CXX compiler identification source "CMakeCXXCompilerId.cpp" produced "CMakeCXXCompilerId.exe"

Compilation of the CXX compiler identification source "CMakeCXXCompilerId.cpp" produced "CMakeCXXCompilerId.obj"

The CXX compiler identification is MSVC, found in "C:/Users/Thomatics/myoi/T160846/cmake-build-debug/CMakeFiles/3.19.2/CompilerIdCXX/CMakeCXXCompilerId.exe"

Detecting C compiler ABI info compiled with the following output:
Change Dir: C:/Users/Thomatics/myoi/T160846/cmake-build-debug/CMakeFiles/CMakeTmp

Run Build Command(s):nmake /nologo cmTC_679b8\fast && 	"D:\Program Files (x86)\Microsoft Visual Studio\2019\Preview\VC\Tools\MSVC\14.28.29812\bin\HostX86\x86\nmake.exe"  -f CMakeFiles\cmTC_679b8.dir\build.make /nologo -L                  CMakeFiles\cmTC_679b8.dir\build
Building C object CMakeFiles/cmTC_679b8.dir/CMakeCCompilerABI.c.obj
	"D:\Program Files (x86)\Microsoft Visual Studio\2019\Preview\VC\Tools\MSVC\14.28.29812\bin\Hostx86\x86\cl.exe" @C:\Users\THOMAT~1\AppData\Local\Temp\nm12C3.tmp
CMakeCCompilerABI.c
Linking C executable cmTC_679b8.exe
	"D:\Program Files\JetBrains\CLion 211.5787.12\bin\cmake\win\bin\cmake.exe" -E vs_link_exe --intdir=CMakeFiles\cmTC_679b8.dir --rc="D:\Windows Kits\10\bin\10.0.19041.0\x86\rc.exe" --mt="D:\Windows Kits\10\bin\10.0.19041.0\x86\mt.exe" --manifests -- "D:\Program Files (x86)\Microsoft Visual Studio\2019\Preview\VC\Tools\MSVC\14.28.29812\bin\Hostx86\x86\link.exe" /nologo @CMakeFiles\cmTC_679b8.dir\objects1.rsp @C:\Users\THOMAT~1\AppData\Local\Temp\nm1814.tmp



Detecting CXX compiler ABI info compiled with the following output:
Change Dir: C:/Users/Thomatics/myoi/T160846/cmake-build-debug/CMakeFiles/CMakeTmp

Run Build Command(s):nmake /nologo cmTC_79570\fast && 	"D:\Program Files (x86)\Microsoft Visual Studio\2019\Preview\VC\Tools\MSVC\14.28.29812\bin\HostX86\x86\nmake.exe"  -f CMakeFiles\cmTC_79570.dir\build.make /nologo -L                  CMakeFiles\cmTC_79570.dir\build
Building CXX object CMakeFiles/cmTC_79570.dir/CMakeCXXCompilerABI.cpp.obj
	"D:\Program Files (x86)\Microsoft Visual Studio\2019\Preview\VC\Tools\MSVC\14.28.29812\bin\Hostx86\x86\cl.exe" @C:\Users\THOMAT~1\AppData\Local\Temp\nm1DCF.tmp
CMakeCXXCompilerABI.cpp
Linking CXX executable cmTC_79570.exe
	"D:\Program Files\JetBrains\CLion 211.5787.12\bin\cmake\win\bin\cmake.exe" -E vs_link_exe --intdir=CMakeFiles\cmTC_79570.dir --rc="D:\Windows Kits\10\bin\10.0.19041.0\x86\rc.exe" --mt="D:\Windows Kits\10\bin\10.0.19041.0\x86\mt.exe" --manifests -- "D:\Program Files (x86)\Microsoft Visual Studio\2019\Preview\VC\Tools\MSVC\14.28.29812\bin\Hostx86\x86\link.exe" /nologo @CMakeFiles\cmTC_79570.dir\objects1.rsp @C:\Users\THOMAT~1\AppData\Local\Temp\nm1E3E.tmp



